<?xml version="1.0" encoding="UTF-8"?>
<!-- Generated by org.testng.reporters.JUnitReportReporter -->
<testsuite skipped="0" hostname="DESKTOP-LOF7LS6" name="tests.Login" tests="3" failures="0" timestamp="16 ene 2023 16:20:47 GMT" time="44.323" errors="0">
  <testcase name="TC01_login_Attorney_Validation" time="22.444" classname="tests.Login"/>
  <testcase name="TC02_validation_Empty_Email" time="3.003" classname="tests.Login"/>
  <testcase name="TC03_validation_Empty_Password" time="18.876" classname="tests.Login"/>
</testsuite> <!-- tests.Login -->
