<?xml version="1.0" encoding="UTF-8"?>
<!-- Generated by org.testng.reporters.JUnitReportReporter -->
<testsuite skipped="0" hostname="DESKTOP-LOF7LS6" name="tests.Login" tests="2" failures="0" timestamp="06 jul 2022 00:23:43 GMT" time="14.740" errors="0">
  <testcase name="TC01_login_Attorney_Validation" time="5.407" classname="tests.Login"/>
  <testcase name="TC06_logout_Validation" time="9.333" classname="tests.Login"/>
</testsuite> <!-- tests.Login -->
