<?xml version="1.0" encoding="UTF-8"?>
<!-- Generated by org.testng.reporters.JUnitReportReporter -->
<testsuite skipped="0" hostname="DESKTOP-LOF7LS6" name="tests.Login" tests="3" failures="0" timestamp="03 ago 2022 19:52:16 GMT" time="16.370" errors="0">
  <testcase name="TC01_login_Attorney_Validation" time="4.489" classname="tests.Login"/>
  <testcase name="TC02_validation_Wrong_Email" time="2.959" classname="tests.Login"/>
  <testcase name="TC06_logout_Validation" time="8.922" classname="tests.Login"/>
</testsuite> <!-- tests.Login -->
